<?xml version="1.0" encoding="UTF-8"?>
<!-- Generated by org.testng.reporters.JUnitReportReporter -->
<testsuite hostname="WILASSETA0056.local" failures="0" tests="1" name="WebCommunications" time="0.001" errors="0" timestamp="2025-09-07T22:11:36 IST" skipped="0">
  <testcase classname="WebCommunications" name="sat" time="0.001"/>
</testsuite> <!-- WebCommunications -->
