<?xml version="1.0" encoding="UTF-8"?>
<!-- Generated by org.testng.reporters.JUnitReportReporter -->
<testsuite hostname="WILASSETA0056.local" failures="0" tests="2" name="Test.MobileComms" time="0.007" errors="0" timestamp="2025-09-07T22:22:48 IST" skipped="0">
  <testcase classname="Test.MobileComms" name="Airtel" time="0.006"/>
  <testcase classname="Test.MobileComms" name="vodafone" time="0.001"/>
</testsuite> <!-- Test.MobileComms -->
