<?xml version="1.0" encoding="UTF-8"?>
<!-- Generated by org.testng.reporters.JUnitReportReporter -->
<testsuite hostname="WILASSETA0056.local" failures="0" tests="2" name="MobileComms" time="0.006" errors="0" timestamp="2025-09-06T22:24:07 IST" skipped="0">
  <testcase classname="MobileComms" name="Airtel" time="0.005"/>
  <testcase classname="MobileComms" name="vodafone" time="0.001"/>
</testsuite> <!-- MobileComms -->
