<?xml version="1.0" encoding="UTF-8"?>
<!-- Generated by org.testng.reporters.JUnitReportReporter -->
<testsuite hostname="WILASSETA0056.local" failures="0" tests="1" name="Test.WebCommunications" time="0.006" errors="0" timestamp="2025-09-08T00:46:54 IST" skipped="0">
  <testcase classname="Test.WebCommunications" name="sat" time="0.006"/>
</testsuite> <!-- Test.WebCommunications -->
