<?xml version="1.0" encoding="UTF-8"?>
<!-- Generated by org.testng.reporters.JUnitReportReporter -->
<testsuite hostname="WILASSETA0056.local" failures="0" tests="1" name="streamPractise" time="0.012" errors="0" timestamp="2025-09-01T23:28:04 IST" skipped="0">
  <testcase classname="streamPractise" name="regular" time="0.012"/>
</testsuite> <!-- streamPractise -->
